[14/Jun/2020 01:22:15] "GET /rank/ HTTP/1.1" 200 7936
[14/Jun/2020 01:22:42] "GET /rank HTTP/1.1" 301 0
[14/Jun/2020 01:22:42] "GET /rank/ HTTP/1.1" 200 7936
[14/Jun/2020 01:24:56] "GET /rank/ HTTP/1.1" 200 7968
[14/Jun/2020 01:26:41] "GET /rank HTTP/1.1" 301 0
[14/Jun/2020 01:27:07] "GET /rank HTTP/1.1" 301 0
[14/Jun/2020 01:27:08] "GET /rank/ HTTP/1.1" 200 7968
[14/Jun/2020 01:27:11] "GET /favicon.ico HTTP/1.1" 404 179
[14/Jun/2020 01:27:46] "GET /rank/ HTTP/1.1" 200 7987
[14/Jun/2020 01:28:25] "GET /rank HTTP/1.1" 301 0
[14/Jun/2020 01:28:25] "GET /rank/ HTTP/1.1" 200 7987
[14/Jun/2020 01:28:37] "GET /rank HTTP/1.1" 301 0
[14/Jun/2020 01:28:38] "GET /rank/ HTTP/1.1" 200 7987
[14/Jun/2020 01:28:40] "GET /favicon.ico HTTP/1.1" 404 179
[14/Jun/2020 01:31:01] "GET /rank/ HTTP/1.1" 200 8364
[14/Jun/2020 01:31:33] "GET /rank HTTP/1.1" 301 0
[14/Jun/2020 01:31:34] "GET /rank/ HTTP/1.1" 200 8364
[14/Jun/2020 01:31:37] "GET /favicon.ico HTTP/1.1" 404 179
[14/Jun/2020 01:31:51] "GET /rank HTTP/1.1" 301 0
[14/Jun/2020 01:31:51] "GET /rank/ HTTP/1.1" 200 8364
[14/Jun/2020 01:32:30] "GET /rank/ HTTP/1.1" 200 8364
[14/Jun/2020 01:32:30] "GET /rank/ HTTP/1.1" 200 8364
[14/Jun/2020 01:32:33] "GET /rank HTTP/1.1" 301 0
[14/Jun/2020 01:32:33] "GET /rank/ HTTP/1.1" 200 8364
[14/Jun/2020 01:32:43] "GET /rank HTTP/1.1" 301 0
[14/Jun/2020 01:32:43] "GET /rank/ HTTP/1.1" 200 8364
[14/Jun/2020 01:32:54] "GET /rank/ HTTP/1.1" 200 8364
[14/Jun/2020 01:33:17] "GET /rank/ HTTP/1.1" 200 8364
[14/Jun/2020 01:33:17] "GET /apple-touch-icon.png HTTP/1.1" 404 179
[14/Jun/2020 01:33:17] "GET /apple-touch-icon.png HTTP/1.1" 404 179
[14/Jun/2020 01:33:17] "GET /rank/ HTTP/1.1" 200 8364
[14/Jun/2020 01:33:17] "GET /favicon.ico HTTP/1.1" 404 179
[14/Jun/2020 01:33:17] "GET /apple-touch-icon-precomposed.png HTTP/1.1" 404 179
[14/Jun/2020 01:33:17] "GET /apple-touch-icon-precomposed.png HTTP/1.1" 404 179
[14/Jun/2020 01:33:18] "GET /favicon.ico HTTP/1.1" 404 179
[14/Jun/2020 01:33:26] "GET /rank/ HTTP/1.1" 200 8364
[14/Jun/2020 01:33:28] "GET /favicon.ico HTTP/1.1" 404 179
[14/Jun/2020 01:34:27] "GET /rank HTTP/1.1" 301 0
[14/Jun/2020 01:34:27] "GET /rank/ HTTP/1.1" 200 8364
[14/Jun/2020 01:36:33] "GET /rank HTTP/1.1" 301 0
[14/Jun/2020 01:36:33] "GET /rank/ HTTP/1.1" 200 8364
[14/Jun/2020 01:43:44] "GET /rank HTTP/1.1" 301 0
[14/Jun/2020 01:43:45] "GET /rank/ HTTP/1.1" 200 8364
[14/Jun/2020 01:43:49] "GET /favicon.ico HTTP/1.1" 404 179
[14/Jun/2020 01:46:56] "GET / HTTP/1.0" 400 143
[14/Jun/2020 01:48:28] "GET /rank/ HTTP/1.1" 200 8364
